<?xml version="1.0" encoding="UTF-8"?>
<!-- Generated by org.testng.reporters.JUnitXMLReporter -->
<testsuite hostname="admin-PC" ignored="0" name="Login Regression Test" tests="6" failures="0" timestamp="10 Sep 2017 16:42:43 GMT" time="48.137" errors="0">
  <testcase name="loginTestwithDifferentscenarios" time="0.143" classname="com.hybridframework_Selenium.testcases.TC001_LoginPageTestcase">
    <skipped/>
  </testcase> <!-- loginTestwithDifferentscenarios -->
  <testcase name="loginTestwithDifferentscenarios" time="0.002" classname="com.hybridframework_Selenium.testcases.TC001_LoginPageTestcase">
    <skipped/>
  </testcase> <!-- loginTestwithDifferentscenarios -->
  <testcase name="loginTestwithDifferentscenarios" time="0.001" classname="com.hybridframework_Selenium.testcases.TC001_LoginPageTestcase">
    <skipped/>
  </testcase> <!-- loginTestwithDifferentscenarios -->
  <testcase name="loginTestwithDifferentscenarios" time="19.5" classname="com.hybridframework_Selenium.testcases.TC001_LoginPageTestcase"/>
  <testcase name="loginTestwithDifferentscenarios" time="16.841" classname="com.hybridframework_Selenium.testcases.TC001_LoginPageTestcase"/>
  <testcase name="loginTestwithDifferentscenarios" time="0.001" classname="com.hybridframework_Selenium.testcases.TC001_LoginPageTestcase">
    <skipped/>
  </testcase> <!-- loginTestwithDifferentscenarios -->
</testsuite> <!-- Login Regression Test -->
