<?xml version="1.0" encoding="UTF-8"?>
<!-- Generated by org.testng.reporters.JUnitXMLReporter -->
<testsuite hostname="admin-PC" ignored="0" name="Login Regression Test" tests="6" failures="0" timestamp="26 Jul 2017 04:32:00 GMT" time="66.674" errors="0">
  <testcase name="loginTestwithDifferentscenarios" time="0.39" classname="com.hybridframework_Selenium.testcases.TC001_LoginPageTestcase">
    <skipped/>
  </testcase> <!-- loginTestwithDifferentscenarios -->
  <testcase name="loginTestwithDifferentscenarios" time="42.696" classname="com.hybridframework_Selenium.testcases.TC001_LoginPageTestcase"/>
  <testcase name="loginTestwithDifferentscenarios" time="0.112" classname="com.hybridframework_Selenium.testcases.TC001_LoginPageTestcase">
    <skipped/>
  </testcase> <!-- loginTestwithDifferentscenarios -->
  <testcase name="loginTestwithDifferentscenarios" time="20.841" classname="com.hybridframework_Selenium.testcases.TC001_LoginPageTestcase"/>
  <testcase name="loginTestwithDifferentscenarios" time="0.196" classname="com.hybridframework_Selenium.testcases.TC001_LoginPageTestcase">
    <skipped/>
  </testcase> <!-- loginTestwithDifferentscenarios -->
  <testcase name="loginTestwithDifferentscenarios" time="0.042" classname="com.hybridframework_Selenium.testcases.TC001_LoginPageTestcase">
    <skipped/>
  </testcase> <!-- loginTestwithDifferentscenarios -->
</testsuite> <!-- Login Regression Test -->
