<?xml version="1.0" encoding="UTF-8"?>
<!-- Generated by org.testng.reporters.JUnitXMLReporter -->
<testsuite hostname="admin-PC" ignored="0" name="Normal Sign up flow Regression Test" tests="1" failures="0" timestamp="25 Jul 2017 12:22:28 GMT" time="0.007" errors="0">
  <testcase name="NormalSignUpTestcase" time="0.002" classname="com.hybridframework_Selenium.testcases.TC004_NormalSignUpFlowTest">
    <skipped/>
  </testcase> <!-- NormalSignUpTestcase -->
</testsuite> <!-- Normal Sign up flow Regression Test -->
