<?xml version="1.0" encoding="UTF-8"?>
<!-- Generated by org.testng.reporters.JUnitXMLReporter -->
<testsuite hostname="admin-PC" ignored="0" name="Normal Login Flow Regression Test" tests="1" failures="0" timestamp="25 Jul 2017 12:22:28 GMT" time="0.005" errors="0">
  <testcase name="NormalFlowLoginTestcase" time="0.001" classname="com.hybridframework_Selenium.testcases.TC003_NormalFlowLoginTest">
    <skipped/>
  </testcase> <!-- NormalFlowLoginTestcase -->
</testsuite> <!-- Normal Login Flow Regression Test -->
