<?xml version="1.0" encoding="UTF-8"?>
<!-- Generated by org.testng.reporters.JUnitXMLReporter -->
<testsuite hostname="admin-PC" ignored="0" name="Search Listing page Regression Test" tests="1" failures="0" timestamp="25 Jul 2017 12:22:28 GMT" time="0.006" errors="0">
  <testcase name="Flight_SearchListingTestCase" time="0.002" classname="com.hybridframework_Selenium.testcases.TC005_Flight_SearchListingTestCase">
    <skipped/>
  </testcase> <!-- Flight_SearchListingTestCase -->
</testsuite> <!-- Search Listing page Regression Test -->
