<?xml version="1.0" encoding="UTF-8"?>
<!-- Generated by org.testng.reporters.JUnitXMLReporter -->
<testsuite hostname="admin-PC" ignored="0" name="Sign Up Regression Test" tests="4" failures="0" timestamp="10 Sep 2017 16:46:25 GMT" time="37.126" errors="0">
  <testcase name="signUpPageTestcases" time="25.762" classname="com.hybridframework_Selenium.testcases.TC002_SignUpPageTestcases"/>
  <testcase name="signUpPageTestcases" time="0.001" classname="com.hybridframework_Selenium.testcases.TC002_SignUpPageTestcases">
    <skipped/>
  </testcase> <!-- signUpPageTestcases -->
  <testcase name="signUpPageTestcases" time="0.002" classname="com.hybridframework_Selenium.testcases.TC002_SignUpPageTestcases">
    <skipped/>
  </testcase> <!-- signUpPageTestcases -->
  <testcase name="signUpPageTestcases" time="0.002" classname="com.hybridframework_Selenium.testcases.TC002_SignUpPageTestcases">
    <skipped/>
  </testcase> <!-- signUpPageTestcases -->
</testsuite> <!-- Sign Up Regression Test -->
