<?xml version="1.0" encoding="UTF-8"?>
<testng-results skipped="6" failed="0" ignored="0" total="7" passed="1">
  <reporter-output>
    <line>
      <![CDATA[Automation test is Start, Test name is: loginTestwithDifferentscenarios]]>
    </line>
    <line>
      <![CDATA[Automation test is skipped. This Test Name is loginTestwithDifferentscenarios]]>
    </line>
    <line>
      <![CDATA[Automation test is Start, Test name is: loginTestwithDifferentscenarios]]>
    </line>
    <line>
      <![CDATA[Automation test is skipped. This Test Name is loginTestwithDifferentscenarios]]>
    </line>
    <line>
      <![CDATA[Automation test is Start, Test name is: loginTestwithDifferentscenarios]]>
    </line>
    <line>
      <![CDATA[Automation test is skipped. This Test Name is loginTestwithDifferentscenarios]]>
    </line>
    <line>
      <![CDATA[Automation test is Start, Test name is: loginTestwithDifferentscenarios]]>
    </line>
    <line>
      <![CDATA[Automation test is skipped. This Test Name is loginTestwithDifferentscenarios]]>
    </line>
    <line>
      <![CDATA[Automation test is Start, Test name is: loginTestwithDifferentscenarios]]>
    </line>
    <line>
      <![CDATA[Automation test is skipped. This Test Name is loginTestwithDifferentscenarios]]>
    </line>
    <line>
      <![CDATA[Automation test is Start, Test name is: loginTestwithDifferentscenarios]]>
    </line>
    <line>
      <![CDATA[Automation test is skipped. This Test Name is loginTestwithDifferentscenarios]]>
    </line>
    <line>
      <![CDATA[Automation test is Start, Test name is: signUpPageTestcases]]>
    </line>
    <line>
      <![CDATA[Executable test cases name is :signUpPageTestcases]]>
    </line>
    <line>
      <![CDATA[openBrowser--browserName--]]>
    </line>
    <line>
      <![CDATA[Opening the firefoxBrowser in Windows 7System]]>
    </line>
    <line>
      <![CDATA[navigateURL--URL--]]>
    </line>
    <line>
      <![CDATA[Navigating the URL. The Domain Name is https://www.makemytrip.com/]]>
    </line>
    <line>
      <![CDATA[verifyLink--signuplink--]]>
    </line>
    <line>
      <![CDATA[click--signuplink--]]>
    </line>
    <line>
      <![CDATA[Clicking the given object. and the element is =>>[[FirefoxDriver: firefox on WINDOWS (afe36569-dd60-40e0-8817-0a039c5938e9)] -> id: ch_signup_icon]]]>
    </line>
    <line>
      <![CDATA[input--signupemailtxtbox--Email]]>
    </line>
    <line>
      <![CDATA[Entering the values in given webelement. The element name is =>>[[FirefoxDriver: firefox on WINDOWS (afe36569-dd60-40e0-8817-0a039c5938e9)] -> id: ch_signup_email]]]>
    </line>
    <line>
      <![CDATA[input--signupmobiletxtbox--Mobile]]>
    </line>
    <line>
      <![CDATA[Entering the values in given webelement. The element name is =>>[[FirefoxDriver: firefox on WINDOWS (afe36569-dd60-40e0-8817-0a039c5938e9)] -> id: ch_signup_phone]]]>
    </line>
    <line>
      <![CDATA[input--signuppasswdtxtbox--Password]]>
    </line>
    <line>
      <![CDATA[Entering the values in given webelement. The element name is =>>[[FirefoxDriver: firefox on WINDOWS (afe36569-dd60-40e0-8817-0a039c5938e9)] -> id: ch_signup_password]]]>
    </line>
    <line>
      <![CDATA[click--signupbtn--]]>
    </line>
    <line>
      <![CDATA[Clicking the given object. and the element is =>>[[FirefoxDriver: firefox on WINDOWS (afe36569-dd60-40e0-8817-0a039c5938e9)] -> id: ch_signup_btn]]]>
    </line>
    <line>
      <![CDATA[verifySuccessMsg--signupemailtxtboxerrmsg|signupmobiletxtboxerrmsg|signuppasswdtxtboxerrmsg|afterloginusername|signuperrmsg--]]>
    </line>
    <line>
      <![CDATA[close----]]>
    </line>
  </reporter-output>
  <suite name="Make My trip Regression Test cases" duration-ms="31795" started-at="2017-07-30T07:12:30Z" finished-at="2017-07-30T07:13:02Z">
    <groups>
    </groups>
    <test name="Login Regression Test" duration-ms="1823" started-at="2017-07-30T07:12:30Z" finished-at="2017-07-30T07:12:32Z">
      <class name="com.hybridframework_Selenium.testcases.TC001_LoginPageTestcase">
        <test-method status="SKIP" signature="loginTestwithDifferentscenarios(java.util.Hashtable)[pri:0, instance:com.hybridframework_Selenium.testcases.TC001_LoginPageTestcase@24a35978]" name="loginTestwithDifferentscenarios" duration-ms="16" started-at="2017-07-30T12:42:31Z" data-provider="testDataProvider" finished-at="2017-07-30T12:42:31Z">
          <params>
            <param index="0">
              <value>
                <![CDATA[{Status=SKIP, Password=, Runmode=N, Expected_Result=, Email=}]]>
              </value>
            </param>
          </params>
          <exception class="org.testng.SkipException">
            <message>
              <![CDATA[User is set this test cases runmode is No]]>
            </message>
            <full-stacktrace>
              <![CDATA[org.testng.SkipException: User is set this test cases runmode is No
	at com.hybridframework_Selenium.testcases.TC001_LoginPageTestcase.loginTestwithDifferentscenarios(TC001_LoginPageTestcase.java:27)
	at sun.reflect.NativeMethodAccessorImpl.invoke0(Native Method)
	at sun.reflect.NativeMethodAccessorImpl.invoke(NativeMethodAccessorImpl.java:62)
	at sun.reflect.DelegatingMethodAccessorImpl.invoke(DelegatingMethodAccessorImpl.java:43)
	at java.lang.reflect.Method.invoke(Method.java:497)
	at org.testng.internal.MethodInvocationHelper.invokeMethod(MethodInvocationHelper.java:104)
	at org.testng.internal.Invoker.invokeMethod(Invoker.java:645)
	at org.testng.internal.Invoker.invokeTestMethod(Invoker.java:851)
	at org.testng.internal.Invoker.invokeTestMethods(Invoker.java:1177)
	at org.testng.internal.TestMethodWorker.invokeTestMethods(TestMethodWorker.java:129)
	at org.testng.internal.TestMethodWorker.run(TestMethodWorker.java:112)
	at java.util.concurrent.ThreadPoolExecutor.runWorker(ThreadPoolExecutor.java:1142)
	at java.util.concurrent.ThreadPoolExecutor$Worker.run(ThreadPoolExecutor.java:617)
	at java.lang.Thread.run(Thread.java:745)
]]>
            </full-stacktrace>
          </exception> <!-- org.testng.SkipException -->
          <reporter-output>
            <line>
              <![CDATA[Automation test is Start, Test name is: loginTestwithDifferentscenarios]]>
            </line>
            <line>
              <![CDATA[Automation test is skipped. This Test Name is loginTestwithDifferentscenarios]]>
            </line>
          </reporter-output>
        </test-method> <!-- loginTestwithDifferentscenarios -->
        <test-method status="PASS" signature="beforeExecution(java.lang.reflect.Method)[pri:0, instance:com.hybridframework_Selenium.testcases.TC001_LoginPageTestcase@24a35978]" name="beforeExecution" is-config="true" duration-ms="0" started-at="2017-07-30T12:42:31Z" finished-at="2017-07-30T12:42:31Z">
          <params>
            <param index="0">
              <value>
                <![CDATA[public void com.hybridframework_Selenium.testcases.TC001_LoginPageTestcase.loginTestwithDifferentscenarios(java.util.Hashtable) throws java.lang.Exception]]>
              </value>
            </param>
          </params>
          <reporter-output>
          </reporter-output>
        </test-method> <!-- beforeExecution -->
        <test-method status="PASS" signature="afterExecution(org.testng.ITestResult)[pri:0, instance:com.hybridframework_Selenium.testcases.TC001_LoginPageTestcase@24a35978]" name="afterExecution" is-config="true" duration-ms="110" started-at="2017-07-30T12:42:31Z" finished-at="2017-07-30T12:42:31Z">
          <params>
            <param index="0">
              <value>
                <![CDATA[[TestResult name=loginTestwithDifferentscenarios status=SKIP method=TC001_LoginPageTestcase.loginTestwithDifferentscenarios(java.util.Hashtable)[pri:0, instance:com.hybridframework_Selenium.testcases.TC001_LoginPageTestcase@24a35978] output=Automation test is Start, Test name is: loginTestwithDifferentscenarios]]]>
              </value>
            </param>
          </params>
          <reporter-output>
          </reporter-output>
        </test-method> <!-- afterExecution -->
        <test-method status="SKIP" signature="loginTestwithDifferentscenarios(java.util.Hashtable)[pri:0, instance:com.hybridframework_Selenium.testcases.TC001_LoginPageTestcase@24a35978]" name="loginTestwithDifferentscenarios" duration-ms="2" started-at="2017-07-30T12:42:31Z" data-provider="testDataProvider" finished-at="2017-07-30T12:42:31Z">
          <params>
            <param index="0">
              <value>
                <![CDATA[{Status=SKIP, Password=hjkhjhdjd^7, Runmode=Y, Expected_Result=, Email=test@yopmail.com}]]>
              </value>
            </param>
          </params>
          <exception class="org.testng.SkipException">
            <message>
              <![CDATA[User is set this test cases runmode is No]]>
            </message>
            <full-stacktrace>
              <![CDATA[org.testng.SkipException: User is set this test cases runmode is No
	at com.hybridframework_Selenium.testcases.TC001_LoginPageTestcase.loginTestwithDifferentscenarios(TC001_LoginPageTestcase.java:27)
	at sun.reflect.NativeMethodAccessorImpl.invoke0(Native Method)
	at sun.reflect.NativeMethodAccessorImpl.invoke(NativeMethodAccessorImpl.java:62)
	at sun.reflect.DelegatingMethodAccessorImpl.invoke(DelegatingMethodAccessorImpl.java:43)
	at java.lang.reflect.Method.invoke(Method.java:497)
	at org.testng.internal.MethodInvocationHelper.invokeMethod(MethodInvocationHelper.java:104)
	at org.testng.internal.Invoker.invokeMethod(Invoker.java:645)
	at org.testng.internal.Invoker.invokeTestMethod(Invoker.java:851)
	at org.testng.internal.Invoker.invokeTestMethods(Invoker.java:1177)
	at org.testng.internal.TestMethodWorker.invokeTestMethods(TestMethodWorker.java:129)
	at org.testng.internal.TestMethodWorker.run(TestMethodWorker.java:112)
	at java.util.concurrent.ThreadPoolExecutor.runWorker(ThreadPoolExecutor.java:1142)
	at java.util.concurrent.ThreadPoolExecutor$Worker.run(ThreadPoolExecutor.java:617)
	at java.lang.Thread.run(Thread.java:745)
]]>
            </full-stacktrace>
          </exception> <!-- org.testng.SkipException -->
          <reporter-output>
            <line>
              <![CDATA[Automation test is Start, Test name is: loginTestwithDifferentscenarios]]>
            </line>
            <line>
              <![CDATA[Automation test is skipped. This Test Name is loginTestwithDifferentscenarios]]>
            </line>
          </reporter-output>
        </test-method> <!-- loginTestwithDifferentscenarios -->
        <test-method status="PASS" signature="beforeExecution(java.lang.reflect.Method)[pri:0, instance:com.hybridframework_Selenium.testcases.TC001_LoginPageTestcase@24a35978]" name="beforeExecution" is-config="true" duration-ms="0" started-at="2017-07-30T12:42:31Z" finished-at="2017-07-30T12:42:31Z">
          <params>
            <param index="0">
              <value>
                <![CDATA[public void com.hybridframework_Selenium.testcases.TC001_LoginPageTestcase.loginTestwithDifferentscenarios(java.util.Hashtable) throws java.lang.Exception]]>
              </value>
            </param>
          </params>
          <reporter-output>
          </reporter-output>
        </test-method> <!-- beforeExecution -->
        <test-method status="PASS" signature="afterExecution(org.testng.ITestResult)[pri:0, instance:com.hybridframework_Selenium.testcases.TC001_LoginPageTestcase@24a35978]" name="afterExecution" is-config="true" duration-ms="63" started-at="2017-07-30T12:42:31Z" finished-at="2017-07-30T12:42:31Z">
          <params>
            <param index="0">
              <value>
                <![CDATA[[TestResult name=loginTestwithDifferentscenarios status=SKIP method=TC001_LoginPageTestcase.loginTestwithDifferentscenarios(java.util.Hashtable)[pri:0, instance:com.hybridframework_Selenium.testcases.TC001_LoginPageTestcase@24a35978] output=Automation test is Start, Test name is: loginTestwithDifferentscenarios]]]>
              </value>
            </param>
          </params>
          <reporter-output>
          </reporter-output>
        </test-method> <!-- afterExecution -->
        <test-method status="SKIP" signature="loginTestwithDifferentscenarios(java.util.Hashtable)[pri:0, instance:com.hybridframework_Selenium.testcases.TC001_LoginPageTestcase@24a35978]" name="loginTestwithDifferentscenarios" duration-ms="0" started-at="2017-07-30T12:42:31Z" data-provider="testDataProvider" finished-at="2017-07-30T12:42:31Z">
          <params>
            <param index="0">
              <value>
                <![CDATA[{Status=SKIP, Password=jakay07@, Runmode=N, Expected_Result=, Email=jakay507@gmail.com}]]>
              </value>
            </param>
          </params>
          <exception class="org.testng.SkipException">
            <message>
              <![CDATA[User is set this test cases runmode is No]]>
            </message>
            <full-stacktrace>
              <![CDATA[org.testng.SkipException: User is set this test cases runmode is No
	at com.hybridframework_Selenium.testcases.TC001_LoginPageTestcase.loginTestwithDifferentscenarios(TC001_LoginPageTestcase.java:27)
	at sun.reflect.NativeMethodAccessorImpl.invoke0(Native Method)
	at sun.reflect.NativeMethodAccessorImpl.invoke(NativeMethodAccessorImpl.java:62)
	at sun.reflect.DelegatingMethodAccessorImpl.invoke(DelegatingMethodAccessorImpl.java:43)
	at java.lang.reflect.Method.invoke(Method.java:497)
	at org.testng.internal.MethodInvocationHelper.invokeMethod(MethodInvocationHelper.java:104)
	at org.testng.internal.Invoker.invokeMethod(Invoker.java:645)
	at org.testng.internal.Invoker.invokeTestMethod(Invoker.java:851)
	at org.testng.internal.Invoker.invokeTestMethods(Invoker.java:1177)
	at org.testng.internal.TestMethodWorker.invokeTestMethods(TestMethodWorker.java:129)
	at org.testng.internal.TestMethodWorker.run(TestMethodWorker.java:112)
	at java.util.concurrent.ThreadPoolExecutor.runWorker(ThreadPoolExecutor.java:1142)
	at java.util.concurrent.ThreadPoolExecutor$Worker.run(ThreadPoolExecutor.java:617)
	at java.lang.Thread.run(Thread.java:745)
]]>
            </full-stacktrace>
          </exception> <!-- org.testng.SkipException -->
          <reporter-output>
            <line>
              <![CDATA[Automation test is Start, Test name is: loginTestwithDifferentscenarios]]>
            </line>
            <line>
              <![CDATA[Automation test is skipped. This Test Name is loginTestwithDifferentscenarios]]>
            </line>
          </reporter-output>
        </test-method> <!-- loginTestwithDifferentscenarios -->
        <test-method status="PASS" signature="beforeExecution(java.lang.reflect.Method)[pri:0, instance:com.hybridframework_Selenium.testcases.TC001_LoginPageTestcase@24a35978]" name="beforeExecution" is-config="true" duration-ms="0" started-at="2017-07-30T12:42:31Z" finished-at="2017-07-30T12:42:31Z">
          <params>
            <param index="0">
              <value>
                <![CDATA[public void com.hybridframework_Selenium.testcases.TC001_LoginPageTestcase.loginTestwithDifferentscenarios(java.util.Hashtable) throws java.lang.Exception]]>
              </value>
            </param>
          </params>
          <reporter-output>
          </reporter-output>
        </test-method> <!-- beforeExecution -->
        <test-method status="PASS" signature="afterExecution(org.testng.ITestResult)[pri:0, instance:com.hybridframework_Selenium.testcases.TC001_LoginPageTestcase@24a35978]" name="afterExecution" is-config="true" duration-ms="126" started-at="2017-07-30T12:42:31Z" finished-at="2017-07-30T12:42:31Z">
          <params>
            <param index="0">
              <value>
                <![CDATA[[TestResult name=loginTestwithDifferentscenarios status=SKIP method=TC001_LoginPageTestcase.loginTestwithDifferentscenarios(java.util.Hashtable)[pri:0, instance:com.hybridframework_Selenium.testcases.TC001_LoginPageTestcase@24a35978] output=Automation test is Start, Test name is: loginTestwithDifferentscenarios]]]>
              </value>
            </param>
          </params>
          <reporter-output>
          </reporter-output>
        </test-method> <!-- afterExecution -->
        <test-method status="SKIP" signature="loginTestwithDifferentscenarios(java.util.Hashtable)[pri:0, instance:com.hybridframework_Selenium.testcases.TC001_LoginPageTestcase@24a35978]" name="loginTestwithDifferentscenarios" duration-ms="2" started-at="2017-07-30T12:42:31Z" data-provider="testDataProvider" finished-at="2017-07-30T12:42:31Z">
          <params>
            <param index="0">
              <value>
                <![CDATA[{Status=SKIP, Password=545, Runmode=Y, Expected_Result=, Email=}]]>
              </value>
            </param>
          </params>
          <exception class="org.testng.SkipException">
            <message>
              <![CDATA[User is set this test cases runmode is No]]>
            </message>
            <full-stacktrace>
              <![CDATA[org.testng.SkipException: User is set this test cases runmode is No
	at com.hybridframework_Selenium.testcases.TC001_LoginPageTestcase.loginTestwithDifferentscenarios(TC001_LoginPageTestcase.java:27)
	at sun.reflect.NativeMethodAccessorImpl.invoke0(Native Method)
	at sun.reflect.NativeMethodAccessorImpl.invoke(NativeMethodAccessorImpl.java:62)
	at sun.reflect.DelegatingMethodAccessorImpl.invoke(DelegatingMethodAccessorImpl.java:43)
	at java.lang.reflect.Method.invoke(Method.java:497)
	at org.testng.internal.MethodInvocationHelper.invokeMethod(MethodInvocationHelper.java:104)
	at org.testng.internal.Invoker.invokeMethod(Invoker.java:645)
	at org.testng.internal.Invoker.invokeTestMethod(Invoker.java:851)
	at org.testng.internal.Invoker.invokeTestMethods(Invoker.java:1177)
	at org.testng.internal.TestMethodWorker.invokeTestMethods(TestMethodWorker.java:129)
	at org.testng.internal.TestMethodWorker.run(TestMethodWorker.java:112)
	at java.util.concurrent.ThreadPoolExecutor.runWorker(ThreadPoolExecutor.java:1142)
	at java.util.concurrent.ThreadPoolExecutor$Worker.run(ThreadPoolExecutor.java:617)
	at java.lang.Thread.run(Thread.java:745)
]]>
            </full-stacktrace>
          </exception> <!-- org.testng.SkipException -->
          <reporter-output>
            <line>
              <![CDATA[Automation test is Start, Test name is: loginTestwithDifferentscenarios]]>
            </line>
            <line>
              <![CDATA[Automation test is skipped. This Test Name is loginTestwithDifferentscenarios]]>
            </line>
          </reporter-output>
        </test-method> <!-- loginTestwithDifferentscenarios -->
        <test-method status="PASS" signature="beforeExecution(java.lang.reflect.Method)[pri:0, instance:com.hybridframework_Selenium.testcases.TC001_LoginPageTestcase@24a35978]" name="beforeExecution" is-config="true" duration-ms="0" started-at="2017-07-30T12:42:31Z" finished-at="2017-07-30T12:42:31Z">
          <params>
            <param index="0">
              <value>
                <![CDATA[public void com.hybridframework_Selenium.testcases.TC001_LoginPageTestcase.loginTestwithDifferentscenarios(java.util.Hashtable) throws java.lang.Exception]]>
              </value>
            </param>
          </params>
          <reporter-output>
          </reporter-output>
        </test-method> <!-- beforeExecution -->
        <test-method status="PASS" signature="afterExecution(org.testng.ITestResult)[pri:0, instance:com.hybridframework_Selenium.testcases.TC001_LoginPageTestcase@24a35978]" name="afterExecution" is-config="true" duration-ms="83" started-at="2017-07-30T12:42:31Z" finished-at="2017-07-30T12:42:31Z">
          <params>
            <param index="0">
              <value>
                <![CDATA[[TestResult name=loginTestwithDifferentscenarios status=SKIP method=TC001_LoginPageTestcase.loginTestwithDifferentscenarios(java.util.Hashtable)[pri:0, instance:com.hybridframework_Selenium.testcases.TC001_LoginPageTestcase@24a35978] output=Automation test is Start, Test name is: loginTestwithDifferentscenarios]]]>
              </value>
            </param>
          </params>
          <reporter-output>
          </reporter-output>
        </test-method> <!-- afterExecution -->
        <test-method status="PASS" signature="beforeExecution(java.lang.reflect.Method)[pri:0, instance:com.hybridframework_Selenium.testcases.TC001_LoginPageTestcase@24a35978]" name="beforeExecution" is-config="true" duration-ms="1" started-at="2017-07-30T12:42:31Z" finished-at="2017-07-30T12:42:31Z">
          <params>
            <param index="0">
              <value>
                <![CDATA[public void com.hybridframework_Selenium.testcases.TC001_LoginPageTestcase.loginTestwithDifferentscenarios(java.util.Hashtable) throws java.lang.Exception]]>
              </value>
            </param>
          </params>
          <reporter-output>
          </reporter-output>
        </test-method> <!-- beforeExecution -->
        <test-method status="SKIP" signature="loginTestwithDifferentscenarios(java.util.Hashtable)[pri:0, instance:com.hybridframework_Selenium.testcases.TC001_LoginPageTestcase@24a35978]" name="loginTestwithDifferentscenarios" duration-ms="1" started-at="2017-07-30T12:42:31Z" data-provider="testDataProvider" finished-at="2017-07-30T12:42:31Z">
          <params>
            <param index="0">
              <value>
                <![CDATA[{Status=SKIP, Password=545, Runmode=N, Expected_Result=, Email=}]]>
              </value>
            </param>
          </params>
          <exception class="org.testng.SkipException">
            <message>
              <![CDATA[User is set this test cases runmode is No]]>
            </message>
            <full-stacktrace>
              <![CDATA[org.testng.SkipException: User is set this test cases runmode is No
	at com.hybridframework_Selenium.testcases.TC001_LoginPageTestcase.loginTestwithDifferentscenarios(TC001_LoginPageTestcase.java:27)
	at sun.reflect.NativeMethodAccessorImpl.invoke0(Native Method)
	at sun.reflect.NativeMethodAccessorImpl.invoke(NativeMethodAccessorImpl.java:62)
	at sun.reflect.DelegatingMethodAccessorImpl.invoke(DelegatingMethodAccessorImpl.java:43)
	at java.lang.reflect.Method.invoke(Method.java:497)
	at org.testng.internal.MethodInvocationHelper.invokeMethod(MethodInvocationHelper.java:104)
	at org.testng.internal.Invoker.invokeMethod(Invoker.java:645)
	at org.testng.internal.Invoker.invokeTestMethod(Invoker.java:851)
	at org.testng.internal.Invoker.invokeTestMethods(Invoker.java:1177)
	at org.testng.internal.TestMethodWorker.invokeTestMethods(TestMethodWorker.java:129)
	at org.testng.internal.TestMethodWorker.run(TestMethodWorker.java:112)
	at java.util.concurrent.ThreadPoolExecutor.runWorker(ThreadPoolExecutor.java:1142)
	at java.util.concurrent.ThreadPoolExecutor$Worker.run(ThreadPoolExecutor.java:617)
	at java.lang.Thread.run(Thread.java:745)
]]>
            </full-stacktrace>
          </exception> <!-- org.testng.SkipException -->
          <reporter-output>
            <line>
              <![CDATA[Automation test is Start, Test name is: loginTestwithDifferentscenarios]]>
            </line>
            <line>
              <![CDATA[Automation test is skipped. This Test Name is loginTestwithDifferentscenarios]]>
            </line>
          </reporter-output>
        </test-method> <!-- loginTestwithDifferentscenarios -->
        <test-method status="PASS" signature="afterExecution(org.testng.ITestResult)[pri:0, instance:com.hybridframework_Selenium.testcases.TC001_LoginPageTestcase@24a35978]" name="afterExecution" is-config="true" duration-ms="88" started-at="2017-07-30T12:42:31Z" finished-at="2017-07-30T12:42:31Z">
          <params>
            <param index="0">
              <value>
                <![CDATA[[TestResult name=loginTestwithDifferentscenarios status=SKIP method=TC001_LoginPageTestcase.loginTestwithDifferentscenarios(java.util.Hashtable)[pri:0, instance:com.hybridframework_Selenium.testcases.TC001_LoginPageTestcase@24a35978] output=Automation test is Start, Test name is: loginTestwithDifferentscenarios]]]>
              </value>
            </param>
          </params>
          <reporter-output>
          </reporter-output>
        </test-method> <!-- afterExecution -->
        <test-method status="SKIP" signature="loginTestwithDifferentscenarios(java.util.Hashtable)[pri:0, instance:com.hybridframework_Selenium.testcases.TC001_LoginPageTestcase@24a35978]" name="loginTestwithDifferentscenarios" duration-ms="15" started-at="2017-07-30T12:42:31Z" data-provider="testDataProvider" finished-at="2017-07-30T12:42:31Z">
          <params>
            <param index="0">
              <value>
                <![CDATA[{Status=SKIP, Password=12345678, Runmode=N, Expected_Result=, Email=jakay34@gmail.com}]]>
              </value>
            </param>
          </params>
          <exception class="org.testng.SkipException">
            <message>
              <![CDATA[User is set this test cases runmode is No]]>
            </message>
            <full-stacktrace>
              <![CDATA[org.testng.SkipException: User is set this test cases runmode is No
	at com.hybridframework_Selenium.testcases.TC001_LoginPageTestcase.loginTestwithDifferentscenarios(TC001_LoginPageTestcase.java:27)
	at sun.reflect.NativeMethodAccessorImpl.invoke0(Native Method)
	at sun.reflect.NativeMethodAccessorImpl.invoke(NativeMethodAccessorImpl.java:62)
	at sun.reflect.DelegatingMethodAccessorImpl.invoke(DelegatingMethodAccessorImpl.java:43)
	at java.lang.reflect.Method.invoke(Method.java:497)
	at org.testng.internal.MethodInvocationHelper.invokeMethod(MethodInvocationHelper.java:104)
	at org.testng.internal.Invoker.invokeMethod(Invoker.java:645)
	at org.testng.internal.Invoker.invokeTestMethod(Invoker.java:851)
	at org.testng.internal.Invoker.invokeTestMethods(Invoker.java:1177)
	at org.testng.internal.TestMethodWorker.invokeTestMethods(TestMethodWorker.java:129)
	at org.testng.internal.TestMethodWorker.run(TestMethodWorker.java:112)
	at java.util.concurrent.ThreadPoolExecutor.runWorker(ThreadPoolExecutor.java:1142)
	at java.util.concurrent.ThreadPoolExecutor$Worker.run(ThreadPoolExecutor.java:617)
	at java.lang.Thread.run(Thread.java:745)
]]>
            </full-stacktrace>
          </exception> <!-- org.testng.SkipException -->
          <reporter-output>
            <line>
              <![CDATA[Automation test is Start, Test name is: loginTestwithDifferentscenarios]]>
            </line>
            <line>
              <![CDATA[Automation test is skipped. This Test Name is loginTestwithDifferentscenarios]]>
            </line>
          </reporter-output>
        </test-method> <!-- loginTestwithDifferentscenarios -->
        <test-method status="PASS" signature="beforeExecution(java.lang.reflect.Method)[pri:0, instance:com.hybridframework_Selenium.testcases.TC001_LoginPageTestcase@24a35978]" name="beforeExecution" is-config="true" duration-ms="0" started-at="2017-07-30T12:42:31Z" finished-at="2017-07-30T12:42:31Z">
          <params>
            <param index="0">
              <value>
                <![CDATA[public void com.hybridframework_Selenium.testcases.TC001_LoginPageTestcase.loginTestwithDifferentscenarios(java.util.Hashtable) throws java.lang.Exception]]>
              </value>
            </param>
          </params>
          <reporter-output>
          </reporter-output>
        </test-method> <!-- beforeExecution -->
        <test-method status="PASS" signature="afterExecution(org.testng.ITestResult)[pri:0, instance:com.hybridframework_Selenium.testcases.TC001_LoginPageTestcase@24a35978]" name="afterExecution" is-config="true" duration-ms="78" started-at="2017-07-30T12:42:31Z" finished-at="2017-07-30T12:42:31Z">
          <params>
            <param index="0">
              <value>
                <![CDATA[[TestResult name=loginTestwithDifferentscenarios status=SKIP method=TC001_LoginPageTestcase.loginTestwithDifferentscenarios(java.util.Hashtable)[pri:0, instance:com.hybridframework_Selenium.testcases.TC001_LoginPageTestcase@24a35978] output=Automation test is Start, Test name is: loginTestwithDifferentscenarios]]]>
              </value>
            </param>
          </params>
          <reporter-output>
          </reporter-output>
        </test-method> <!-- afterExecution -->
        <test-method status="PASS" signature="endingTest()[pri:0, instance:com.hybridframework_Selenium.testcases.TC001_LoginPageTestcase@24a35978]" name="endingTest" is-config="true" duration-ms="455" started-at="2017-07-30T12:42:31Z" finished-at="2017-07-30T12:42:32Z">
          <reporter-output>
          </reporter-output>
        </test-method> <!-- endingTest -->
      </class> <!-- com.hybridframework_Selenium.testcases.TC001_LoginPageTestcase -->
    </test> <!-- Login Regression Test -->
    <test name="Sign Up Regression Test" duration-ms="29941" started-at="2017-07-30T07:12:32Z" finished-at="2017-07-30T07:13:02Z">
      <class name="com.hybridframework_Selenium.testcases.TC002_SignUpPageTestcases">
        <test-method status="PASS" signature="signUpPageTestcases(java.util.Hashtable)[pri:0, instance:com.hybridframework_Selenium.testcases.TC002_SignUpPageTestcases@24b1d79b]" name="signUpPageTestcases" duration-ms="29785" started-at="2017-07-30T12:42:32Z" data-provider="testDataProvider" finished-at="2017-07-30T12:43:02Z">
          <params>
            <param index="0">
              <value>
                <![CDATA[{Status=PASS, Mobile=9985652, Password=, Runmode=Y, Expected_Result=Please enter a valid Email Address, Email=jakay}]]>
              </value>
            </param>
          </params>
          <reporter-output>
            <line>
              <![CDATA[Automation test is Start, Test name is: signUpPageTestcases]]>
            </line>
            <line>
              <![CDATA[Executable test cases name is :signUpPageTestcases]]>
            </line>
            <line>
              <![CDATA[openBrowser--browserName--]]>
            </line>
            <line>
              <![CDATA[Opening the firefoxBrowser in Windows 7System]]>
            </line>
            <line>
              <![CDATA[navigateURL--URL--]]>
            </line>
            <line>
              <![CDATA[Navigating the URL. The Domain Name is https://www.makemytrip.com/]]>
            </line>
            <line>
              <![CDATA[verifyLink--signuplink--]]>
            </line>
            <line>
              <![CDATA[click--signuplink--]]>
            </line>
            <line>
              <![CDATA[Clicking the given object. and the element is =>>[[FirefoxDriver: firefox on WINDOWS (afe36569-dd60-40e0-8817-0a039c5938e9)] -> id: ch_signup_icon]]]>
            </line>
            <line>
              <![CDATA[input--signupemailtxtbox--Email]]>
            </line>
            <line>
              <![CDATA[Entering the values in given webelement. The element name is =>>[[FirefoxDriver: firefox on WINDOWS (afe36569-dd60-40e0-8817-0a039c5938e9)] -> id: ch_signup_email]]]>
            </line>
            <line>
              <![CDATA[input--signupmobiletxtbox--Mobile]]>
            </line>
            <line>
              <![CDATA[Entering the values in given webelement. The element name is =>>[[FirefoxDriver: firefox on WINDOWS (afe36569-dd60-40e0-8817-0a039c5938e9)] -> id: ch_signup_phone]]]>
            </line>
            <line>
              <![CDATA[input--signuppasswdtxtbox--Password]]>
            </line>
            <line>
              <![CDATA[Entering the values in given webelement. The element name is =>>[[FirefoxDriver: firefox on WINDOWS (afe36569-dd60-40e0-8817-0a039c5938e9)] -> id: ch_signup_password]]]>
            </line>
            <line>
              <![CDATA[click--signupbtn--]]>
            </line>
            <line>
              <![CDATA[Clicking the given object. and the element is =>>[[FirefoxDriver: firefox on WINDOWS (afe36569-dd60-40e0-8817-0a039c5938e9)] -> id: ch_signup_btn]]]>
            </line>
            <line>
              <![CDATA[verifySuccessMsg--signupemailtxtboxerrmsg|signupmobiletxtboxerrmsg|signuppasswdtxtboxerrmsg|afterloginusername|signuperrmsg--]]>
            </line>
            <line>
              <![CDATA[close----]]>
            </line>
          </reporter-output>
        </test-method> <!-- signUpPageTestcases -->
        <test-method status="PASS" signature="beforeExecution(java.lang.reflect.Method)[pri:0, instance:com.hybridframework_Selenium.testcases.TC002_SignUpPageTestcases@24b1d79b]" name="beforeExecution" is-config="true" duration-ms="0" started-at="2017-07-30T12:42:32Z" finished-at="2017-07-30T12:42:32Z">
          <params>
            <param index="0">
              <value>
                <![CDATA[public void com.hybridframework_Selenium.testcases.TC002_SignUpPageTestcases.signUpPageTestcases(java.util.Hashtable) throws java.lang.Exception]]>
              </value>
            </param>
          </params>
          <reporter-output>
          </reporter-output>
        </test-method> <!-- beforeExecution -->
        <test-method status="PASS" signature="afterExecution(org.testng.ITestResult)[pri:0, instance:com.hybridframework_Selenium.testcases.TC002_SignUpPageTestcases@24b1d79b]" name="afterExecution" is-config="true" duration-ms="47" started-at="2017-07-30T12:43:02Z" finished-at="2017-07-30T12:43:02Z">
          <params>
            <param index="0">
              <value>
                <![CDATA[[TestResult name=signUpPageTestcases status=SUCCESS method=TC002_SignUpPageTestcases.signUpPageTestcases(java.util.Hashtable)[pri:0, instance:com.hybridframework_Selenium.testcases.TC002_SignUpPageTestcases@24b1d79b] output=Automation test is Start, Test name is: signUpPageTestcases]]]>
              </value>
            </param>
          </params>
          <reporter-output>
          </reporter-output>
        </test-method> <!-- afterExecution -->
        <test-method status="PASS" signature="endingTest()[pri:0, instance:com.hybridframework_Selenium.testcases.TC002_SignUpPageTestcases@24b1d79b]" name="endingTest" is-config="true" duration-ms="78" started-at="2017-07-30T12:43:02Z" finished-at="2017-07-30T12:43:02Z">
          <reporter-output>
          </reporter-output>
        </test-method> <!-- endingTest -->
      </class> <!-- com.hybridframework_Selenium.testcases.TC002_SignUpPageTestcases -->
    </test> <!-- Sign Up Regression Test -->
  </suite> <!-- Make My trip Regression Test cases -->
</testng-results>
