<?xml version="1.0" encoding="UTF-8"?>
<testsuite name="TestSuite" time="0" tests="8" errors="0" skipped="7" failures="0">
  <properties>
[...]
</properties>
  <testcase name="loginTestwithDifferentscenarios" classname="com.hybridframework_Selenium.testcases.TC001_LoginPageTestcase" time="0">
    <skipped/>
    <system-out><![CDATA[...
... TestNG 6.10 by Cédric Beust (cedric@beust.com)
...

Test cases started row number :1
Test cases total column count are :5
Test cases total rows count are :6
Runmode--N --Email-- --Password-- --Expected_Result-- --Status-- --
Runmode--Y --Email--test@yopmail.com --Password--hjkhjhdjd^7 --Expected_Result-- --Status-- --
Runmode--N --Email--jakay507@gmail.com --Password--jakay07@ --Expected_Result-- --Status-- --
Runmode--Y --Email-- --Password--545 --Expected_Result-- --Status-- --
Runmode--N --Email-- --Password--545 --Expected_Result-- --Status-- --
Runmode--N --Email--jakay34@gmail.com --Password--12345678 --Expected_Result-- --Status-- --
]]></system-out>
    <system-err><![CDATA[log4j:WARN No appenders could be found for logger (com.hybridframework_Selenium.testBase.TestBase).
log4j:WARN Please initialize the log4j system properly.
log4j:WARN See http://logging.apache.org/log4j/1.2/faq.html#noconfig for more info.
]]></system-err>
  </testcase>
  <testcase name="loginTestwithDifferentscenarios" classname="com.hybridframework_Selenium.testcases.TC001_LoginPageTestcase" time="0">
    <skipped/>
    <system-out><![CDATA[C:\Users\admin\housingman\workspace\hybridframework_Selenium/src/main/java/com/hybridframework_Selenium/testdata/Test Suite1.xlsx
1
6
2
3
Runmode
N --
Email
 --
Password
 --
Expected_Result
 --
Status
 --
]]></system-out>
  </testcase>
  <testcase name="loginTestwithDifferentscenarios" classname="com.hybridframework_Selenium.testcases.TC001_LoginPageTestcase" time="0">
    <skipped/>
    <system-out><![CDATA[C:\Users\admin\housingman\workspace\hybridframework_Selenium/src/main/java/com/hybridframework_Selenium/testdata/Test Suite1.xlsx
1
6
2
3
Runmode
N --
Email
 --
Password
 --
Expected_Result
 --
Status
SKIP --
]]></system-out>
  </testcase>
  <testcase name="loginTestwithDifferentscenarios" classname="com.hybridframework_Selenium.testcases.TC001_LoginPageTestcase" time="0">
    <skipped/>
    <system-out><![CDATA[C:\Users\admin\housingman\workspace\hybridframework_Selenium/src/main/java/com/hybridframework_Selenium/testdata/Test Suite1.xlsx
1
6
2
3
Runmode
N --
Email
 --
Password
 --
Expected_Result
 --
Status
SKIP --
]]></system-out>
  </testcase>
  <testcase name="loginTestwithDifferentscenarios" classname="com.hybridframework_Selenium.testcases.TC001_LoginPageTestcase" time="0">
    <skipped/>
    <system-out><![CDATA[C:\Users\admin\housingman\workspace\hybridframework_Selenium/src/main/java/com/hybridframework_Selenium/testdata/Test Suite1.xlsx
1
6
2
3
Runmode
N --
Email
 --
Password
 --
Expected_Result
 --
Status
SKIP --
]]></system-out>
  </testcase>
  <testcase name="loginTestwithDifferentscenarios" classname="com.hybridframework_Selenium.testcases.TC001_LoginPageTestcase" time="0">
    <skipped/>
    <system-out><![CDATA[C:\Users\admin\housingman\workspace\hybridframework_Selenium/src/main/java/com/hybridframework_Selenium/testdata/Test Suite1.xlsx
1
6
2
3
Runmode
N --
Email
 --
Password
 --
Expected_Result
 --
Status
SKIP --
]]></system-out>
  </testcase>
  <testcase name="signUpPageTestcases" classname="com.hybridframework_Selenium.testcases.TC002_SignUpPageTestcases" time="0">
    <skipped/>
    <system-out><![CDATA[C:\Users\admin\housingman\workspace\hybridframework_Selenium/src/main/java/com/hybridframework_Selenium/testdata/Test Suite1.xlsx
1
6
2
3
Runmode
N --
Email
 --
Password
 --
Expected_Result
 --
Status
SKIP --
Test cases started row number :10
Test cases total column count are :6
Test cases total rows count are :1
Runmode--Y --Email--jakay --Mobile--9985652 --Password-- --Expected_Result-- --Status-- --
2017-07-31 11:07:39 INFO  Keywords:422 - Executable test cases name is :signUpPageTestcases
2017-07-31 11:07:39 INFO  Keywords:422 - openBrowser--browserName--
2017-07-31 11:07:45 INFO  Keywords:422 - Opening the firefoxBrowser in Windows 7System
2017-07-31 11:07:45 INFO  Keywords:422 - navigateURL--URL--
2017-07-31 11:07:45 INFO  Keywords:422 - Navigating the URL. The Domain Name is https://www.makemytrip.com/
2017-07-31 11:08:34 INFO  Keywords:422 - verifyLink--signuplink--
2017-07-31 11:08:36 INFO  Keywords:422 - click--signuplink--
2017-07-31 11:08:36 INFO  Keywords:422 - Clicking the given object. and the element is =>>[[FirefoxDriver: firefox on WINDOWS (95e3c636-170f-41e3-9e7f-29c3feaaf893)] -> id: ch_signup_icon]
2017-07-31 11:08:37 INFO  Keywords:422 - input--signupemailtxtbox--Email
2017-07-31 11:08:37 INFO  Keywords:422 - Entering the values in given webelement. The element name is =>>[[FirefoxDriver: firefox on WINDOWS (95e3c636-170f-41e3-9e7f-29c3feaaf893)] -> id: ch_signup_email]
======RETRYING TESTCASES  signUpPageTestcases AND THE STATUS IS : Fail FOR THE RETRY COUNT IS 1 times====
]]></system-out>
    <system-err><![CDATA[Jul 31, 2017 11:07:45 AM org.openqa.selenium.remote.ProtocolHandshake createSession
INFO: Detected dialect: OSS
]]></system-err>
  </testcase>
  <testcase name="signUpPageTestcases" classname="com.hybridframework_Selenium.testcases.TC002_SignUpPageTestcases" time="59.515"/>
</testsuite>