<?xml version="1.0" encoding="UTF-8"?>
<testng-results skipped="0" failed="0" ignored="0" total="1" passed="1">
  <reporter-output>
    <line>
      <![CDATA[Executable test cases name is :normalSignUpTestcase]]>
    </line>
    <line>
      <![CDATA[openBrowser--browserName--]]>
    </line>
    <line>
      <![CDATA[Opening the chromeBrowser in Windows 7System]]>
    </line>
    <line>
      <![CDATA[navigateURL--URL--]]>
    </line>
    <line>
      <![CDATA[Navigating the URL. The Domain Name is https://www.makemytrip.com/]]>
    </line>
    <line>
      <![CDATA[verifyLink--signuplink--]]>
    </line>
    <line>
      <![CDATA[click--signuplink--]]>
    </line>
    <line>
      <![CDATA[Clicking the given object. and the element is =>>[[ChromeDriver: chrome on XP (b3cb634c7edc870e1e98273ac5de0d23)] -> id: ch_signup_icon]]]>
    </line>
    <line>
      <![CDATA[randomMailgenerator--signupemailtxtbox--vijay@gmail.com]]>
    </line>
    <line>
      <![CDATA[Generated Email Address is :vijay3022@gmail.com]]>
    </line>
    <line>
      <![CDATA[randomPhonenoGenerator--signupmobiletxtbox--]]>
    </line>
    <line>
      <![CDATA[input--signuppasswdtxtbox--vijay8790]]>
    </line>
    <line>
      <![CDATA[Entering the values in given webelement. The element name is =>>[[ChromeDriver: chrome on XP (b3cb634c7edc870e1e98273ac5de0d23)] -> id: ch_signup_password]]]>
    </line>
    <line>
      <![CDATA[click--signupbtn--]]>
    </line>
    <line>
      <![CDATA[Clicking the given object. and the element is =>>[[ChromeDriver: chrome on XP (b3cb634c7edc870e1e98273ac5de0d23)] -> id: ch_signup_btn]]]>
    </line>
    <line>
      <![CDATA[verifySuccessMsg--signupemailtxtboxerrmsg|signupmobiletxtboxerrmsg|signuppasswdtxtboxerrmsg|afterloginusername|signuperrmsg--Please enter an Email Address]]>
    </line>
    <line>
      <![CDATA[close----]]>
    </line>
  </reporter-output>
  <suite name="Default suite" duration-ms="48511" started-at="2017-09-03T08:16:44Z" finished-at="2017-09-03T08:17:33Z">
    <groups>
    </groups>
    <test name="Default test" duration-ms="48511" started-at="2017-09-03T08:16:44Z" finished-at="2017-09-03T08:17:33Z">
      <class name="com.hybridframework_Selenium.testcases.TC004_NormalSignUpFlowTest">
        <test-method status="PASS" signature="normalSignUpTestcase()[pri:0, instance:com.hybridframework_Selenium.testcases.TC004_NormalSignUpFlowTest@523884b2]" name="normalSignUpTestcase" duration-ms="48483" started-at="2017-09-03T13:46:44Z" finished-at="2017-09-03T13:47:33Z">
          <reporter-output>
            <line>
              <![CDATA[Executable test cases name is :normalSignUpTestcase]]>
            </line>
            <line>
              <![CDATA[openBrowser--browserName--]]>
            </line>
            <line>
              <![CDATA[Opening the chromeBrowser in Windows 7System]]>
            </line>
            <line>
              <![CDATA[navigateURL--URL--]]>
            </line>
            <line>
              <![CDATA[Navigating the URL. The Domain Name is https://www.makemytrip.com/]]>
            </line>
            <line>
              <![CDATA[verifyLink--signuplink--]]>
            </line>
            <line>
              <![CDATA[click--signuplink--]]>
            </line>
            <line>
              <![CDATA[Clicking the given object. and the element is =>>[[ChromeDriver: chrome on XP (b3cb634c7edc870e1e98273ac5de0d23)] -> id: ch_signup_icon]]]>
            </line>
            <line>
              <![CDATA[randomMailgenerator--signupemailtxtbox--vijay@gmail.com]]>
            </line>
            <line>
              <![CDATA[Generated Email Address is :vijay3022@gmail.com]]>
            </line>
            <line>
              <![CDATA[randomPhonenoGenerator--signupmobiletxtbox--]]>
            </line>
            <line>
              <![CDATA[input--signuppasswdtxtbox--vijay8790]]>
            </line>
            <line>
              <![CDATA[Entering the values in given webelement. The element name is =>>[[ChromeDriver: chrome on XP (b3cb634c7edc870e1e98273ac5de0d23)] -> id: ch_signup_password]]]>
            </line>
            <line>
              <![CDATA[click--signupbtn--]]>
            </line>
            <line>
              <![CDATA[Clicking the given object. and the element is =>>[[ChromeDriver: chrome on XP (b3cb634c7edc870e1e98273ac5de0d23)] -> id: ch_signup_btn]]]>
            </line>
            <line>
              <![CDATA[verifySuccessMsg--signupemailtxtboxerrmsg|signupmobiletxtboxerrmsg|signuppasswdtxtboxerrmsg|afterloginusername|signuperrmsg--Please enter an Email Address]]>
            </line>
            <line>
              <![CDATA[close----]]>
            </line>
          </reporter-output>
        </test-method> <!-- normalSignUpTestcase -->
      </class> <!-- com.hybridframework_Selenium.testcases.TC004_NormalSignUpFlowTest -->
    </test> <!-- Default test -->
  </suite> <!-- Default suite -->
</testng-results>
