<?xml version="1.0" encoding="UTF-8"?>
<!-- Generated by org.testng.reporters.JUnitXMLReporter -->
<testsuite hostname="admin-PC" ignored="0" name="Flight Search Listing page Regression Test" tests="2" failures="1" timestamp="03 Sep 2017 09:24:38 GMT" time="216.989" errors="0">
  <testcase name="flight_SearchListingTestCase" time="99.093" classname="com.hybridframework_Selenium.testcases.TC005_Flight_SearchListingTestCase">
    <skipped/>
  </testcase> <!-- flight_SearchListingTestCase -->
  <testcase name="flight_SearchListingTestCase" time="107.816" classname="com.hybridframework_Selenium.testcases.TC005_Flight_SearchListingTestCase">
    <failure type="java.lang.NumberFormatException" message="For input string: &amp;quot;Rs. 5,606&amp;quot;">
      <![CDATA[java.lang.NumberFormatException: For input string: "Rs. 5,606"
	at java.lang.NumberFormatException.forInputString(NumberFormatException.java:65)
	at java.lang.Integer.parseInt(Integer.java:580)
	at java.lang.Integer.parseInt(Integer.java:615)
	at com.hybridframework_Selenium.testScripts.Keywords.chooseOnBook(Keywords.java:411)
	at com.hybridframework_Selenium.testScripts.Keywords.executeKeywords(Keywords.java:132)
	at com.hybridframework_Selenium.testcases.TC005_Flight_SearchListingTestCase.flight_SearchListingTestCase(TC005_Flight_SearchListingTestCase.java:18)
	at java.util.concurrent.ThreadPoolExecutor.runWorker(ThreadPoolExecutor.java:1142)
	at java.util.concurrent.ThreadPoolExecutor$Worker.run(ThreadPoolExecutor.java:617)
	at java.lang.Thread.run(Thread.java:745)
... Removed 10 stack frames]]>
    </failure>
  </testcase> <!-- flight_SearchListingTestCase -->
</testsuite> <!-- Flight Search Listing page Regression Test -->
