<?xml version="1.0" encoding="UTF-8"?>
<!-- Generated by org.testng.reporters.JUnitXMLReporter -->
<testsuite hostname="admin-PC" ignored="0" name="Login Regression Test" tests="6" failures="0" timestamp="31 Jul 2017 13:40:28 GMT" time="1.703" errors="0">
  <testcase name="loginTestwithDifferentscenarios" time="0.015" classname="com.hybridframework_Selenium.testcases.TC001_LoginPageTestcase">
    <skipped/>
  </testcase> <!-- loginTestwithDifferentscenarios -->
  <testcase name="loginTestwithDifferentscenarios" time="0.001" classname="com.hybridframework_Selenium.testcases.TC001_LoginPageTestcase">
    <skipped/>
  </testcase> <!-- loginTestwithDifferentscenarios -->
  <testcase name="loginTestwithDifferentscenarios" time="0.001" classname="com.hybridframework_Selenium.testcases.TC001_LoginPageTestcase">
    <skipped/>
  </testcase> <!-- loginTestwithDifferentscenarios -->
  <testcase name="loginTestwithDifferentscenarios" time="0.001" classname="com.hybridframework_Selenium.testcases.TC001_LoginPageTestcase">
    <skipped/>
  </testcase> <!-- loginTestwithDifferentscenarios -->
  <testcase name="loginTestwithDifferentscenarios" time="0.001" classname="com.hybridframework_Selenium.testcases.TC001_LoginPageTestcase">
    <skipped/>
  </testcase> <!-- loginTestwithDifferentscenarios -->
  <testcase name="loginTestwithDifferentscenarios" time="0.001" classname="com.hybridframework_Selenium.testcases.TC001_LoginPageTestcase">
    <skipped/>
  </testcase> <!-- loginTestwithDifferentscenarios -->
</testsuite> <!-- Login Regression Test -->
