<?xml version="1.0" encoding="UTF-8"?>
<!-- Generated by org.testng.reporters.JUnitXMLReporter -->
<testsuite hostname="admin-PC" ignored="0" name="Login Regression Test" tests="6" failures="0" timestamp="03 Sep 2017 08:26:31 GMT" time="92.388" errors="0">
  <testcase name="loginTestwithDifferentscenarios" time="0.009" classname="com.hybridframework_Selenium.testcases.TC001_LoginPageTestcase">
    <skipped/>
  </testcase> <!-- loginTestwithDifferentscenarios -->
  <testcase name="loginTestwithDifferentscenarios" time="0.002" classname="com.hybridframework_Selenium.testcases.TC001_LoginPageTestcase">
    <skipped/>
  </testcase> <!-- loginTestwithDifferentscenarios -->
  <testcase name="loginTestwithDifferentscenarios" time="0.001" classname="com.hybridframework_Selenium.testcases.TC001_LoginPageTestcase">
    <skipped/>
  </testcase> <!-- loginTestwithDifferentscenarios -->
  <testcase name="loginTestwithDifferentscenarios" time="66.287" classname="com.hybridframework_Selenium.testcases.TC001_LoginPageTestcase"/>
  <testcase name="loginTestwithDifferentscenarios" time="24.661" classname="com.hybridframework_Selenium.testcases.TC001_LoginPageTestcase"/>
  <testcase name="loginTestwithDifferentscenarios" time="0.001" classname="com.hybridframework_Selenium.testcases.TC001_LoginPageTestcase">
    <skipped/>
  </testcase> <!-- loginTestwithDifferentscenarios -->
</testsuite> <!-- Login Regression Test -->
