<?xml version="1.0" encoding="UTF-8"?>
<!-- Generated by org.testng.reporters.JUnitXMLReporter -->
<testsuite hostname="admin-PC" ignored="0" name="Sign Up Regression Test" tests="4" failures="0" timestamp="03 Sep 2017 08:26:54 GMT" time="23.556" errors="0">
  <testcase name="signUpPageTestcases" time="23.366" classname="com.hybridframework_Selenium.testcases.TC002_SignUpPageTestcases"/>
  <testcase name="signUpPageTestcases" time="0.0" classname="com.hybridframework_Selenium.testcases.TC002_SignUpPageTestcases">
    <skipped/>
  </testcase> <!-- signUpPageTestcases -->
  <testcase name="signUpPageTestcases" time="0.001" classname="com.hybridframework_Selenium.testcases.TC002_SignUpPageTestcases">
    <skipped/>
  </testcase> <!-- signUpPageTestcases -->
  <testcase name="signUpPageTestcases" time="0.001" classname="com.hybridframework_Selenium.testcases.TC002_SignUpPageTestcases">
    <skipped/>
  </testcase> <!-- signUpPageTestcases -->
</testsuite> <!-- Sign Up Regression Test -->
